2026-03-08 00:00:00 [DefaultDispatcher-worker-20] DEBUG c.s.e.sources.ServerTimingSource - Server timing entropy collected: 20 gaps
2026-03-08 00:00:00 [DefaultDispatcher-worker-20] DEBUG com.sra.entropy.EntropyPool - Pool updated from SERVER_TIMING
2026-03-08 00:00:04 [DefaultDispatcher-worker-16] DEBUG c.s.e.sources.CryptoPriceSource - Crypto price entropy collected: BTC = 67658.29000000
2026-03-08 00:00:04 [DefaultDispatcher-worker-16] DEBUG com.sra.entropy.EntropyPool - Pool updated from CRYPTO_PRICE
2026-03-08 00:00:05 [DefaultDispatcher-worker-6] DEBUG c.s.e.sources.ServerTimingSource - Server timing entropy collected: 20 gaps
2026-03-08 00:00:05 [DefaultDispatcher-worker-6] DEBUG com.sra.entropy.EntropyPool - Pool updated from SERVER_TIMING
2026-03-08 00:00:10 [DefaultDispatcher-worker-6] DEBUG c.s.e.sources.ServerTimingSource - Server timing entropy collected: 20 gaps
2026-03-08 00:00:10 [DefaultDispatcher-worker-6] DEBUG com.sra.entropy.EntropyPool - Pool updated from SERVER_TIMING
2026-03-08 00:00:15 [DefaultDispatcher-worker-2] DEBUG c.sra.entropy.sources.EthereumSource - Ethereum block entropy collected: 0x1777a8a
2026-03-08 00:00:15 [DefaultDispatcher-worker-2] DEBUG com.sra.entropy.EntropyPool - Pool updated from ETHEREUM
2026-03-08 00:00:15 [DefaultDispatcher-worker-4] DEBUG c.s.e.sources.ServerTimingSource - Server timing entropy collected: 20 gaps
2026-03-08 00:00:15 [DefaultDispatcher-worker-4] DEBUG com.sra.entropy.EntropyPool - Pool updated from SERVER_TIMING
2026-03-08 00:00:20 [DefaultDispatcher-worker-8] DEBUG c.s.e.sources.ServerTimingSource - Server timing entropy collected: 20 gaps
2026-03-08 00:00:20 [DefaultDispatcher-worker-8] DEBUG com.sra.entropy.EntropyPool - Pool updated from SERVER_TIMING
2026-03-08 00:00:25 [DefaultDispatcher-worker-4] DEBUG c.s.e.sources.ServerTimingSource - Server timing entropy collected: 20 gaps
2026-03-08 00:00:25 [DefaultDispatcher-worker-4] DEBUG com.sra.entropy.EntropyPool - Pool updated from SERVER_TIMING
2026-03-08 00:00:30 [DefaultDispatcher-worker-8] DEBUG c.s.e.sources.ServerTimingSource - Server timing entropy collected: 20 gaps
2026-03-08 00:00:30 [DefaultDispatcher-worker-8] DEBUG com.sra.entropy.EntropyPool - Pool updated from SERVER_TIMING
2026-03-08 00:00:31 [DefaultDispatcher-worker-21] DEBUG c.sra.entropy.sources.EthereumSource - Ethereum block entropy collected: 0x1777a8c
2026-03-08 00:00:31 [DefaultDispatcher-worker-21] DEBUG com.sra.entropy.EntropyPool - Pool updated from ETHEREUM
2026-03-08 00:00:35 [DefaultDispatcher-worker-22] DEBUG c.s.e.sources.CryptoPriceSource - Crypto price entropy collected: BTC = 67624.02000000
2026-03-08 00:00:35 [DefaultDispatcher-worker-22] DEBUG com.sra.entropy.EntropyPool - Pool updated from CRYPTO_PRICE
2026-03-08 00:00:35 [DefaultDispatcher-worker-3] DEBUG c.s.e.sources.ServerTimingSource - Server timing entropy collected: 20 gaps
2026-03-08 00:00:35 [DefaultDispatcher-worker-3] DEBUG com.sra.entropy.EntropyPool - Pool updated from SERVER_TIMING
2026-03-08 00:00:40 [DefaultDispatcher-worker-3] DEBUG c.s.e.sources.ServerTimingSource - Server timing entropy collected: 20 gaps
2026-03-08 00:00:40 [DefaultDispatcher-worker-3] DEBUG com.sra.entropy.EntropyPool - Pool updated from SERVER_TIMING
2026-03-08 00:00:45 [DefaultDispatcher-worker-6] DEBUG c.s.e.sources.ServerTimingSource - Server timing entropy collected: 20 gaps
2026-03-08 00:00:45 [DefaultDispatcher-worker-6] DEBUG com.sra.entropy.EntropyPool - Pool updated from SERVER_TIMING
2026-03-08 00:00:47 [DefaultDispatcher-worker-21] DEBUG c.sra.entropy.sources.EthereumSource - Ethereum block entropy collected: 0x1777a8d
2026-03-08 00:00:47 [DefaultDispatcher-worker-21] DEBUG com.sra.entropy.EntropyPool - Pool updated from ETHEREUM
2026-03-08 00:00:50 [DefaultDispatcher-worker-6] DEBUG c.s.e.sources.ServerTimingSource - Server timing entropy collected: 20 gaps
2026-03-08 00:00:50 [DefaultDispatcher-worker-6] DEBUG com.sra.entropy.EntropyPool - Pool updated from SERVER_TIMING
2026-03-08 00:00:55 [DefaultDispatcher-worker-6] DEBUG c.s.e.sources.ServerTimingSource - Server timing entropy collected: 20 gaps
2026-03-08 00:00:55 [DefaultDispatcher-worker-6] DEBUG com.sra.entropy.EntropyPool - Pool updated from SERVER_TIMING
2026-03-08 00:01:00 [DefaultDispatcher-worker-8] DEBUG c.s.e.sources.ServerTimingSource - Server timing entropy collected: 20 gaps
2026-03-08 00:01:00 [DefaultDispatcher-worker-8] DEBUG com.sra.entropy.EntropyPool - Pool updated from SERVER_TIMING
2026-03-08 00:01:02 [DefaultDispatcher-worker-19] DEBUG c.sra.entropy.sources.EthereumSource - Ethereum block entropy collected: 0x1777a8e
2026-03-08 00:01:02 [DefaultDispatcher-worker-19] DEBUG com.sra.entropy.EntropyPool - Pool updated from ETHEREUM
2026-03-08 00:01:05 [DefaultDispatcher-worker-4] DEBUG c.s.e.sources.CryptoPriceSource - Crypto price entropy collected: BTC = 67600.40000000
2026-03-08 00:01:05 [DefaultDispatcher-worker-4] DEBUG com.sra.entropy.EntropyPool - Pool updated from CRYPTO_PRICE
2026-03-08 00:01:05 [DefaultDispatcher-worker-2] DEBUG c.s.e.sources.ServerTimingSource - Server timing entropy collected: 20 gaps
2026-03-08 00:01:05 [DefaultDispatcher-worker-2] DEBUG com.sra.entropy.EntropyPool - Pool updated from SERVER_TIMING
