2026-02-22 15:17:04 [main] INFO  Application - No ktor.deployment.watch patterns match classpath entries, automatic reload is not active
2026-02-22 15:17:05 [main] INFO  com.sra.config.DatabaseConfig - Initializing database connection...
2026-02-22 15:17:05 [main] WARN  Exposed - Transaction attempt #0 failed: Connection to localhost:5433 refused. Check that the hostname and port are correct and that the postmaster is accepting TCP/IP connections.. Statement(s): null
org.postgresql.util.PSQLException: Connection to localhost:5433 refused. Check that the hostname and port are correct and that the postmaster is accepting TCP/IP connections.
	at org.postgresql.core.v3.ConnectionFactoryImpl.openConnectionImpl(ConnectionFactoryImpl.java:346)
	at org.postgresql.core.ConnectionFactory.openConnection(ConnectionFactory.java:54)
	at org.postgresql.jdbc.PgConnection.<init>(PgConnection.java:273)
	at org.postgresql.Driver.makeConnection(Driver.java:446)
	at org.postgresql.Driver.connect(Driver.java:298)
	at java.sql/java.sql.DriverManager.getConnection(DriverManager.java:681)
	at java.sql/java.sql.DriverManager.getConnection(DriverManager.java:229)
	at org.jetbrains.exposed.sql.Database$Companion$connect$7.invoke(Database.kt:195)
	at org.jetbrains.exposed.sql.Database$Companion$connect$7.invoke(Database.kt:191)
	at org.jetbrains.exposed.sql.Database$Companion$doConnect$3.invoke(Database.kt:131)
	at org.jetbrains.exposed.sql.Database$Companion$doConnect$3.invoke(Database.kt:132)
	at org.jetbrains.exposed.sql.transactions.ThreadLocalTransactionManager$ThreadLocalTransaction$connectionLazy$1.invoke(ThreadLocalTransactionManager.kt:94)
	at org.jetbrains.exposed.sql.transactions.ThreadLocalTransactionManager$ThreadLocalTransaction$connectionLazy$1.invoke(ThreadLocalTransactionManager.kt:93)
	at kotlin.UnsafeLazyImpl.getValue(Lazy.kt:81)
	at org.jetbrains.exposed.sql.transactions.ThreadLocalTransactionManager$ThreadLocalTransaction.getConnection(ThreadLocalTransactionManager.kt:107)
	at org.jetbrains.exposed.sql.Transaction.getConnection(Transaction.kt)
	at org.jetbrains.exposed.sql.Database.metadata$exposed_core(Database.kt:41)
	at org.jetbrains.exposed.sql.vendors.VendorDialect.resetCaches(VendorDialect.kt:136)
	at org.jetbrains.exposed.sql.SchemaUtils.createMissingTablesAndColumns(SchemaUtils.kt:428)
	at org.jetbrains.exposed.sql.SchemaUtils.createMissingTablesAndColumns$default(SchemaUtils.kt:426)
	at com.sra.config.DatabaseConfig.createTables$lambda$0(DatabaseConfig.kt:29)
	at org.jetbrains.exposed.sql.transactions.ThreadLocalTransactionManagerKt.inTopLevelTransaction$run(ThreadLocalTransactionManager.kt:236)
	at org.jetbrains.exposed.sql.transactions.ThreadLocalTransactionManagerKt.access$inTopLevelTransaction$run(ThreadLocalTransactionManager.kt:1)
	at org.jetbrains.exposed.sql.transactions.ThreadLocalTransactionManagerKt$inTopLevelTransaction$1.invoke(ThreadLocalTransactionManager.kt:283)
	at org.jetbrains.exposed.sql.transactions.ThreadLocalTransactionManagerKt.keepAndRestoreTransactionRefAfterRun(ThreadLocalTransactionManager.kt:291)
	at org.jetbrains.exposed.sql.transactions.ThreadLocalTransactionManagerKt.inTopLevelTransaction(ThreadLocalTransactionManager.kt:282)
	at org.jetbrains.exposed.sql.transactions.ThreadLocalTransactionManagerKt$transaction$1.invoke(ThreadLocalTransactionManager.kt:204)
	at org.jetbrains.exposed.sql.transactions.ThreadLocalTransactionManagerKt.keepAndRestoreTransactionRefAfterRun(ThreadLocalTransactionManager.kt:291)
	at org.jetbrains.exposed.sql.transactions.ThreadLocalTransactionManagerKt.transaction(ThreadLocalTransactionManager.kt:174)
	at org.jetbrains.exposed.sql.transactions.ThreadLocalTransactionManagerKt.transaction(ThreadLocalTransactionManager.kt:162)
	at org.jetbrains.exposed.sql.transactions.ThreadLocalTransactionManagerKt.transaction$default(ThreadLocalTransactionManager.kt:161)
	at com.sra.config.DatabaseConfig.createTables(DatabaseConfig.kt:28)
	at com.sra.config.DatabaseConfig.init(DatabaseConfig.kt:23)
	at com.sra.ApplicationKt.module(Application.kt:32)
	at java.base/jdk.internal.reflect.NativeMethodAccessorImpl.invoke0(Native Method)
	at java.base/jdk.internal.reflect.NativeMethodAccessorImpl.invoke(NativeMethodAccessorImpl.java:77)
	at java.base/jdk.internal.reflect.DelegatingMethodAccessorImpl.invoke(DelegatingMethodAccessorImpl.java:43)
	at java.base/java.lang.reflect.Method.invoke(Method.java:569)
	at kotlin.reflect.jvm.internal.calls.CallerImpl$Method.callMethod(CallerImpl.kt:97)
	at kotlin.reflect.jvm.internal.calls.CallerImpl$Method$Static.call(CallerImpl.kt:106)
	at kotlin.reflect.jvm.internal.KCallableImpl.callDefaultMethod$kotlin_reflection(KCallableImpl.kt:200)
	at kotlin.reflect.jvm.internal.KCallableImpl.callBy(KCallableImpl.kt:112)
	at io.ktor.server.engine.internal.CallableUtilsKt.callFunctionWithInjection(CallableUtils.kt:119)
	at io.ktor.server.engine.internal.CallableUtilsKt.executeModuleFunction(CallableUtils.kt:36)
	at io.ktor.server.engine.ApplicationEngineEnvironmentReloading$launchModuleByName$1.invoke(ApplicationEngineEnvironmentReloading.kt:332)
	at io.ktor.server.engine.ApplicationEngineEnvironmentReloading$launchModuleByName$1.invoke(ApplicationEngineEnvironmentReloading.kt:331)
	at io.ktor.server.engine.ApplicationEngineEnvironmentReloading.avoidingDoubleStartupFor(ApplicationEngineEnvironmentReloading.kt:356)
	at io.ktor.server.engine.ApplicationEngineEnvironmentReloading.launchModuleByName(ApplicationEngineEnvironmentReloading.kt:331)
	at io.ktor.server.engine.ApplicationEngineEnvironmentReloading.access$launchModuleByName(ApplicationEngineEnvironmentReloading.kt:32)
	at io.ktor.server.engine.ApplicationEngineEnvironmentReloading$instantiateAndConfigureApplication$1.invoke(ApplicationEngineEnvironmentReloading.kt:312)
	at io.ktor.server.engine.ApplicationEngineEnvironmentReloading$instantiateAndConfigureApplication$1.invoke(ApplicationEngineEnvironmentReloading.kt:310)
	at io.ktor.server.engine.ApplicationEngineEnvironmentReloading.avoidingDoubleStartup(ApplicationEngineEnvironmentReloading.kt:338)
	at io.ktor.server.engine.ApplicationEngineEnvironmentReloading.instantiateAndConfigureApplication(ApplicationEngineEnvironmentReloading.kt:310)
	at io.ktor.server.engine.ApplicationEngineEnvironmentReloading.createApplication(ApplicationEngineEnvironmentReloading.kt:150)
	at io.ktor.server.engine.ApplicationEngineEnvironmentReloading.start(ApplicationEngineEnvironmentReloading.kt:277)
	at io.ktor.server.netty.NettyApplicationEngine.start(NettyApplicationEngine.kt:216)
	at io.ktor.server.netty.EngineMain.main(EngineMain.kt:23)
	at com.sra.ApplicationKt.main(Application.kt:17)
Caused by: java.net.ConnectException: Connection refused: getsockopt
	at java.base/sun.nio.ch.Net.pollConnect(Native Method)
	at java.base/sun.nio.ch.Net.pollConnectNow(Net.java:684)
	at java.base/sun.nio.ch.NioSocketImpl.timedFinishConnect(NioSocketImpl.java:547)
	at java.base/sun.nio.ch.NioSocketImpl.connect(NioSocketImpl.java:602)
	at java.base/java.net.SocksSocketImpl.connect(SocksSocketImpl.java:327)
	at java.base/java.net.Socket.connect(Socket.java:633)
	at org.postgresql.core.PGStream.createSocket(PGStream.java:243)
	at org.postgresql.core.PGStream.<init>(PGStream.java:98)
	at org.postgresql.core.v3.ConnectionFactoryImpl.tryConnect(ConnectionFactoryImpl.java:136)
	at org.postgresql.core.v3.ConnectionFactoryImpl.openConnectionImpl(ConnectionFactoryImpl.java:262)
	... 57 common frames omitted
2026-02-22 15:17:05 [main] WARN  Exposed - Wait 0 milliseconds before retrying
2026-02-22 15:17:05 [main] WARN  Exposed - Transaction attempt #1 failed: Connection to localhost:5433 refused. Check that the hostname and port are correct and that the postmaster is accepting TCP/IP connections.. Statement(s): null
org.postgresql.util.PSQLException: Connection to localhost:5433 refused. Check that the hostname and port are correct and that the postmaster is accepting TCP/IP connections.
	at org.postgresql.core.v3.ConnectionFactoryImpl.openConnectionImpl(ConnectionFactoryImpl.java:346)
	at org.postgresql.core.ConnectionFactory.openConnection(ConnectionFactory.java:54)
	at org.postgresql.jdbc.PgConnection.<init>(PgConnection.java:273)
	at org.postgresql.Driver.makeConnection(Driver.java:446)
	at org.postgresql.Driver.connect(Driver.java:298)
	at java.sql/java.sql.DriverManager.getConnection(DriverManager.java:681)
	at java.sql/java.sql.DriverManager.getConnection(DriverManager.java:229)
	at org.jetbrains.exposed.sql.Database$Companion$connect$7.invoke(Database.kt:195)
	at org.jetbrains.exposed.sql.Database$Companion$connect$7.invoke(Database.kt:191)
	at org.jetbrains.exposed.sql.Database$Companion$doConnect$3.invoke(Database.kt:131)
	at org.jetbrains.exposed.sql.Database$Companion$doConnect$3.invoke(Database.kt:132)
	at org.jetbrains.exposed.sql.transactions.ThreadLocalTransactionManager$ThreadLocalTransaction$connectionLazy$1.invoke(ThreadLocalTransactionManager.kt:94)
	at org.jetbrains.exposed.sql.transactions.ThreadLocalTransactionManager$ThreadLocalTransaction$connectionLazy$1.invoke(ThreadLocalTransactionManager.kt:93)
	at kotlin.UnsafeLazyImpl.getValue(Lazy.kt:81)
	at org.jetbrains.exposed.sql.transactions.ThreadLocalTransactionManager$ThreadLocalTransaction.getConnection(ThreadLocalTransactionManager.kt:107)
	at org.jetbrains.exposed.sql.Transaction.getConnection(Transaction.kt)
	at org.jetbrains.exposed.sql.Database.metadata$exposed_core(Database.kt:41)
	at org.jetbrains.exposed.sql.vendors.VendorDialect.resetCaches(VendorDialect.kt:136)
	at org.jetbrains.exposed.sql.SchemaUtils.createMissingTablesAndColumns(SchemaUtils.kt:428)
	at org.jetbrains.exposed.sql.SchemaUtils.createMissingTablesAndColumns$default(SchemaUtils.kt:426)
	at com.sra.config.DatabaseConfig.createTables$lambda$0(DatabaseConfig.kt:29)
	at org.jetbrains.exposed.sql.transactions.ThreadLocalTransactionManagerKt.inTopLevelTransaction$run(ThreadLocalTransactionManager.kt:236)
	at org.jetbrains.exposed.sql.transactions.ThreadLocalTransactionManagerKt.access$inTopLevelTransaction$run(ThreadLocalTransactionManager.kt:1)
	at org.jetbrains.exposed.sql.transactions.ThreadLocalTransactionManagerKt$inTopLevelTransaction$1.invoke(ThreadLocalTransactionManager.kt:283)
	at org.jetbrains.exposed.sql.transactions.ThreadLocalTransactionManagerKt.keepAndRestoreTransactionRefAfterRun(ThreadLocalTransactionManager.kt:291)
	at org.jetbrains.exposed.sql.transactions.ThreadLocalTransactionManagerKt.inTopLevelTransaction(ThreadLocalTransactionManager.kt:282)
	at org.jetbrains.exposed.sql.transactions.ThreadLocalTransactionManagerKt$transaction$1.invoke(ThreadLocalTransactionManager.kt:204)
	at org.jetbrains.exposed.sql.transactions.ThreadLocalTransactionManagerKt.keepAndRestoreTransactionRefAfterRun(ThreadLocalTransactionManager.kt:291)
	at org.jetbrains.exposed.sql.transactions.ThreadLocalTransactionManagerKt.transaction(ThreadLocalTransactionManager.kt:174)
	at org.jetbrains.exposed.sql.transactions.ThreadLocalTransactionManagerKt.transaction(ThreadLocalTransactionManager.kt:162)
	at org.jetbrains.exposed.sql.transactions.ThreadLocalTransactionManagerKt.transaction$default(ThreadLocalTransactionManager.kt:161)
	at com.sra.config.DatabaseConfig.createTables(DatabaseConfig.kt:28)
	at com.sra.config.DatabaseConfig.init(DatabaseConfig.kt:23)
	at com.sra.ApplicationKt.module(Application.kt:32)
	at java.base/jdk.internal.reflect.NativeMethodAccessorImpl.invoke0(Native Method)
	at java.base/jdk.internal.reflect.NativeMethodAccessorImpl.invoke(NativeMethodAccessorImpl.java:77)
	at java.base/jdk.internal.reflect.DelegatingMethodAccessorImpl.invoke(DelegatingMethodAccessorImpl.java:43)
	at java.base/java.lang.reflect.Method.invoke(Method.java:569)
	at kotlin.reflect.jvm.internal.calls.CallerImpl$Method.callMethod(CallerImpl.kt:97)
	at kotlin.reflect.jvm.internal.calls.CallerImpl$Method$Static.call(CallerImpl.kt:106)
	at kotlin.reflect.jvm.internal.KCallableImpl.callDefaultMethod$kotlin_reflection(KCallableImpl.kt:200)
	at kotlin.reflect.jvm.internal.KCallableImpl.callBy(KCallableImpl.kt:112)
	at io.ktor.server.engine.internal.CallableUtilsKt.callFunctionWithInjection(CallableUtils.kt:119)
	at io.ktor.server.engine.internal.CallableUtilsKt.executeModuleFunction(CallableUtils.kt:36)
	at io.ktor.server.engine.ApplicationEngineEnvironmentReloading$launchModuleByName$1.invoke(ApplicationEngineEnvironmentReloading.kt:332)
	at io.ktor.server.engine.ApplicationEngineEnvironmentReloading$launchModuleByName$1.invoke(ApplicationEngineEnvironmentReloading.kt:331)
	at io.ktor.server.engine.ApplicationEngineEnvironmentReloading.avoidingDoubleStartupFor(ApplicationEngineEnvironmentReloading.kt:356)
	at io.ktor.server.engine.ApplicationEngineEnvironmentReloading.launchModuleByName(ApplicationEngineEnvironmentReloading.kt:331)
	at io.ktor.server.engine.ApplicationEngineEnvironmentReloading.access$launchModuleByName(ApplicationEngineEnvironmentReloading.kt:32)
	at io.ktor.server.engine.ApplicationEngineEnvironmentReloading$instantiateAndConfigureApplication$1.invoke(ApplicationEngineEnvironmentReloading.kt:312)
	at io.ktor.server.engine.ApplicationEngineEnvironmentReloading$instantiateAndConfigureApplication$1.invoke(ApplicationEngineEnvironmentReloading.kt:310)
	at io.ktor.server.engine.ApplicationEngineEnvironmentReloading.avoidingDoubleStartup(ApplicationEngineEnvironmentReloading.kt:338)
	at io.ktor.server.engine.ApplicationEngineEnvironmentReloading.instantiateAndConfigureApplication(ApplicationEngineEnvironmentReloading.kt:310)
	at io.ktor.server.engine.ApplicationEngineEnvironmentReloading.createApplication(ApplicationEngineEnvironmentReloading.kt:150)
	at io.ktor.server.engine.ApplicationEngineEnvironmentReloading.start(ApplicationEngineEnvironmentReloading.kt:277)
	at io.ktor.server.netty.NettyApplicationEngine.start(NettyApplicationEngine.kt:216)
	at io.ktor.server.netty.EngineMain.main(EngineMain.kt:23)
	at com.sra.ApplicationKt.main(Application.kt:17)
Caused by: java.net.ConnectException: Connection refused: getsockopt
	at java.base/sun.nio.ch.Net.pollConnect(Native Method)
	at java.base/sun.nio.ch.Net.pollConnectNow(Net.java:684)
	at java.base/sun.nio.ch.NioSocketImpl.timedFinishConnect(NioSocketImpl.java:547)
	at java.base/sun.nio.ch.NioSocketImpl.connect(NioSocketImpl.java:602)
	at java.base/java.net.SocksSocketImpl.connect(SocksSocketImpl.java:327)
	at java.base/java.net.Socket.connect(Socket.java:633)
	at org.postgresql.core.PGStream.createSocket(PGStream.java:243)
	at org.postgresql.core.PGStream.<init>(PGStream.java:98)
	at org.postgresql.core.v3.ConnectionFactoryImpl.tryConnect(ConnectionFactoryImpl.java:136)
	at org.postgresql.core.v3.ConnectionFactoryImpl.openConnectionImpl(ConnectionFactoryImpl.java:262)
	... 57 common frames omitted
2026-02-22 15:17:05 [main] WARN  Exposed - Wait 0 milliseconds before retrying
2026-02-22 15:17:05 [main] WARN  Exposed - Transaction attempt #2 failed: Connection to localhost:5433 refused. Check that the hostname and port are correct and that the postmaster is accepting TCP/IP connections.. Statement(s): null
org.postgresql.util.PSQLException: Connection to localhost:5433 refused. Check that the hostname and port are correct and that the postmaster is accepting TCP/IP connections.
	at org.postgresql.core.v3.ConnectionFactoryImpl.openConnectionImpl(ConnectionFactoryImpl.java:346)
	at org.postgresql.core.ConnectionFactory.openConnection(ConnectionFactory.java:54)
	at org.postgresql.jdbc.PgConnection.<init>(PgConnection.java:273)
	at org.postgresql.Driver.makeConnection(Driver.java:446)
	at org.postgresql.Driver.connect(Driver.java:298)
	at java.sql/java.sql.DriverManager.getConnection(DriverManager.java:681)
	at java.sql/java.sql.DriverManager.getConnection(DriverManager.java:229)
	at org.jetbrains.exposed.sql.Database$Companion$connect$7.invoke(Database.kt:195)
	at org.jetbrains.exposed.sql.Database$Companion$connect$7.invoke(Database.kt:191)
	at org.jetbrains.exposed.sql.Database$Companion$doConnect$3.invoke(Database.kt:131)
	at org.jetbrains.exposed.sql.Database$Companion$doConnect$3.invoke(Database.kt:132)
	at org.jetbrains.exposed.sql.transactions.ThreadLocalTransactionManager$ThreadLocalTransaction$connectionLazy$1.invoke(ThreadLocalTransactionManager.kt:94)
	at org.jetbrains.exposed.sql.transactions.ThreadLocalTransactionManager$ThreadLocalTransaction$connectionLazy$1.invoke(ThreadLocalTransactionManager.kt:93)
	at kotlin.UnsafeLazyImpl.getValue(Lazy.kt:81)
	at org.jetbrains.exposed.sql.transactions.ThreadLocalTransactionManager$ThreadLocalTransaction.getConnection(ThreadLocalTransactionManager.kt:107)
	at org.jetbrains.exposed.sql.Transaction.getConnection(Transaction.kt)
	at org.jetbrains.exposed.sql.Database.metadata$exposed_core(Database.kt:41)
	at org.jetbrains.exposed.sql.vendors.VendorDialect.resetCaches(VendorDialect.kt:136)
	at org.jetbrains.exposed.sql.SchemaUtils.createMissingTablesAndColumns(SchemaUtils.kt:428)
	at org.jetbrains.exposed.sql.SchemaUtils.createMissingTablesAndColumns$default(SchemaUtils.kt:426)
	at com.sra.config.DatabaseConfig.createTables$lambda$0(DatabaseConfig.kt:29)
	at org.jetbrains.exposed.sql.transactions.ThreadLocalTransactionManagerKt.inTopLevelTransaction$run(ThreadLocalTransactionManager.kt:236)
	at org.jetbrains.exposed.sql.transactions.ThreadLocalTransactionManagerKt.access$inTopLevelTransaction$run(ThreadLocalTransactionManager.kt:1)
	at org.jetbrains.exposed.sql.transactions.ThreadLocalTransactionManagerKt$inTopLevelTransaction$1.invoke(ThreadLocalTransactionManager.kt:283)
	at org.jetbrains.exposed.sql.transactions.ThreadLocalTransactionManagerKt.keepAndRestoreTransactionRefAfterRun(ThreadLocalTransactionManager.kt:291)
	at org.jetbrains.exposed.sql.transactions.ThreadLocalTransactionManagerKt.inTopLevelTransaction(ThreadLocalTransactionManager.kt:282)
	at org.jetbrains.exposed.sql.transactions.ThreadLocalTransactionManagerKt$transaction$1.invoke(ThreadLocalTransactionManager.kt:204)
	at org.jetbrains.exposed.sql.transactions.ThreadLocalTransactionManagerKt.keepAndRestoreTransactionRefAfterRun(ThreadLocalTransactionManager.kt:291)
	at org.jetbrains.exposed.sql.transactions.ThreadLocalTransactionManagerKt.transaction(ThreadLocalTransactionManager.kt:174)
	at org.jetbrains.exposed.sql.transactions.ThreadLocalTransactionManagerKt.transaction(ThreadLocalTransactionManager.kt:162)
	at org.jetbrains.exposed.sql.transactions.ThreadLocalTransactionManagerKt.transaction$default(ThreadLocalTransactionManager.kt:161)
	at com.sra.config.DatabaseConfig.createTables(DatabaseConfig.kt:28)
	at com.sra.config.DatabaseConfig.init(DatabaseConfig.kt:23)
	at com.sra.ApplicationKt.module(Application.kt:32)
	at java.base/jdk.internal.reflect.NativeMethodAccessorImpl.invoke0(Native Method)
	at java.base/jdk.internal.reflect.NativeMethodAccessorImpl.invoke(NativeMethodAccessorImpl.java:77)
	at java.base/jdk.internal.reflect.DelegatingMethodAccessorImpl.invoke(DelegatingMethodAccessorImpl.java:43)
	at java.base/java.lang.reflect.Method.invoke(Method.java:569)
	at kotlin.reflect.jvm.internal.calls.CallerImpl$Method.callMethod(CallerImpl.kt:97)
	at kotlin.reflect.jvm.internal.calls.CallerImpl$Method$Static.call(CallerImpl.kt:106)
	at kotlin.reflect.jvm.internal.KCallableImpl.callDefaultMethod$kotlin_reflection(KCallableImpl.kt:200)
	at kotlin.reflect.jvm.internal.KCallableImpl.callBy(KCallableImpl.kt:112)
	at io.ktor.server.engine.internal.CallableUtilsKt.callFunctionWithInjection(CallableUtils.kt:119)
	at io.ktor.server.engine.internal.CallableUtilsKt.executeModuleFunction(CallableUtils.kt:36)
	at io.ktor.server.engine.ApplicationEngineEnvironmentReloading$launchModuleByName$1.invoke(ApplicationEngineEnvironmentReloading.kt:332)
	at io.ktor.server.engine.ApplicationEngineEnvironmentReloading$launchModuleByName$1.invoke(ApplicationEngineEnvironmentReloading.kt:331)
	at io.ktor.server.engine.ApplicationEngineEnvironmentReloading.avoidingDoubleStartupFor(ApplicationEngineEnvironmentReloading.kt:356)
	at io.ktor.server.engine.ApplicationEngineEnvironmentReloading.launchModuleByName(ApplicationEngineEnvironmentReloading.kt:331)
	at io.ktor.server.engine.ApplicationEngineEnvironmentReloading.access$launchModuleByName(ApplicationEngineEnvironmentReloading.kt:32)
	at io.ktor.server.engine.ApplicationEngineEnvironmentReloading$instantiateAndConfigureApplication$1.invoke(ApplicationEngineEnvironmentReloading.kt:312)
	at io.ktor.server.engine.ApplicationEngineEnvironmentReloading$instantiateAndConfigureApplication$1.invoke(ApplicationEngineEnvironmentReloading.kt:310)
	at io.ktor.server.engine.ApplicationEngineEnvironmentReloading.avoidingDoubleStartup(ApplicationEngineEnvironmentReloading.kt:338)
	at io.ktor.server.engine.ApplicationEngineEnvironmentReloading.instantiateAndConfigureApplication(ApplicationEngineEnvironmentReloading.kt:310)
	at io.ktor.server.engine.ApplicationEngineEnvironmentReloading.createApplication(ApplicationEngineEnvironmentReloading.kt:150)
	at io.ktor.server.engine.ApplicationEngineEnvironmentReloading.start(ApplicationEngineEnvironmentReloading.kt:277)
	at io.ktor.server.netty.NettyApplicationEngine.start(NettyApplicationEngine.kt:216)
	at io.ktor.server.netty.EngineMain.main(EngineMain.kt:23)
	at com.sra.ApplicationKt.main(Application.kt:17)
Caused by: java.net.ConnectException: Connection refused: getsockopt
	at java.base/sun.nio.ch.Net.pollConnect(Native Method)
	at java.base/sun.nio.ch.Net.pollConnectNow(Net.java:684)
	at java.base/sun.nio.ch.NioSocketImpl.timedFinishConnect(NioSocketImpl.java:547)
	at java.base/sun.nio.ch.NioSocketImpl.connect(NioSocketImpl.java:602)
	at java.base/java.net.SocksSocketImpl.connect(SocksSocketImpl.java:327)
	at java.base/java.net.Socket.connect(Socket.java:633)
	at org.postgresql.core.PGStream.createSocket(PGStream.java:243)
	at org.postgresql.core.PGStream.<init>(PGStream.java:98)
	at org.postgresql.core.v3.ConnectionFactoryImpl.tryConnect(ConnectionFactoryImpl.java:136)
	at org.postgresql.core.v3.ConnectionFactoryImpl.openConnectionImpl(ConnectionFactoryImpl.java:262)
	... 57 common frames omitted
2026-02-22 15:17:21 [main] INFO  Application - No ktor.deployment.watch patterns match classpath entries, automatic reload is not active
2026-02-22 15:17:22 [main] INFO  com.sra.config.DatabaseConfig - Initializing database connection...
2026-02-22 15:17:22 [main] WARN  Exposed - Transaction attempt #0 failed: Connection to localhost:5433 refused. Check that the hostname and port are correct and that the postmaster is accepting TCP/IP connections.. Statement(s): null
org.postgresql.util.PSQLException: Connection to localhost:5433 refused. Check that the hostname and port are correct and that the postmaster is accepting TCP/IP connections.
	at org.postgresql.core.v3.ConnectionFactoryImpl.openConnectionImpl(ConnectionFactoryImpl.java:346)
	at org.postgresql.core.ConnectionFactory.openConnection(ConnectionFactory.java:54)
	at org.postgresql.jdbc.PgConnection.<init>(PgConnection.java:273)
	at org.postgresql.Driver.makeConnection(Driver.java:446)
	at org.postgresql.Driver.connect(Driver.java:298)
	at java.sql/java.sql.DriverManager.getConnection(DriverManager.java:681)
	at java.sql/java.sql.DriverManager.getConnection(DriverManager.java:229)
	at org.jetbrains.exposed.sql.Database$Companion$connect$7.invoke(Database.kt:195)
	at org.jetbrains.exposed.sql.Database$Companion$connect$7.invoke(Database.kt:191)
	at org.jetbrains.exposed.sql.Database$Companion$doConnect$3.invoke(Database.kt:131)
	at org.jetbrains.exposed.sql.Database$Companion$doConnect$3.invoke(Database.kt:132)
	at org.jetbrains.exposed.sql.transactions.ThreadLocalTransactionManager$ThreadLocalTransaction$connectionLazy$1.invoke(ThreadLocalTransactionManager.kt:94)
	at org.jetbrains.exposed.sql.transactions.ThreadLocalTransactionManager$ThreadLocalTransaction$connectionLazy$1.invoke(ThreadLocalTransactionManager.kt:93)
	at kotlin.UnsafeLazyImpl.getValue(Lazy.kt:81)
	at org.jetbrains.exposed.sql.transactions.ThreadLocalTransactionManager$ThreadLocalTransaction.getConnection(ThreadLocalTransactionManager.kt:107)
	at org.jetbrains.exposed.sql.Transaction.getConnection(Transaction.kt)
	at org.jetbrains.exposed.sql.Database.metadata$exposed_core(Database.kt:41)
	at org.jetbrains.exposed.sql.vendors.VendorDialect.resetCaches(VendorDialect.kt:136)
	at org.jetbrains.exposed.sql.SchemaUtils.createMissingTablesAndColumns(SchemaUtils.kt:428)
	at org.jetbrains.exposed.sql.SchemaUtils.createMissingTablesAndColumns$default(SchemaUtils.kt:426)
	at com.sra.config.DatabaseConfig.createTables$lambda$0(DatabaseConfig.kt:29)
	at org.jetbrains.exposed.sql.transactions.ThreadLocalTransactionManagerKt.inTopLevelTransaction$run(ThreadLocalTransactionManager.kt:236)
	at org.jetbrains.exposed.sql.transactions.ThreadLocalTransactionManagerKt.access$inTopLevelTransaction$run(ThreadLocalTransactionManager.kt:1)
	at org.jetbrains.exposed.sql.transactions.ThreadLocalTransactionManagerKt$inTopLevelTransaction$1.invoke(ThreadLocalTransactionManager.kt:283)
	at org.jetbrains.exposed.sql.transactions.ThreadLocalTransactionManagerKt.keepAndRestoreTransactionRefAfterRun(ThreadLocalTransactionManager.kt:291)
	at org.jetbrains.exposed.sql.transactions.ThreadLocalTransactionManagerKt.inTopLevelTransaction(ThreadLocalTransactionManager.kt:282)
	at org.jetbrains.exposed.sql.transactions.ThreadLocalTransactionManagerKt$transaction$1.invoke(ThreadLocalTransactionManager.kt:204)
	at org.jetbrains.exposed.sql.transactions.ThreadLocalTransactionManagerKt.keepAndRestoreTransactionRefAfterRun(ThreadLocalTransactionManager.kt:291)
	at org.jetbrains.exposed.sql.transactions.ThreadLocalTransactionManagerKt.transaction(ThreadLocalTransactionManager.kt:174)
	at org.jetbrains.exposed.sql.transactions.ThreadLocalTransactionManagerKt.transaction(ThreadLocalTransactionManager.kt:162)
	at org.jetbrains.exposed.sql.transactions.ThreadLocalTransactionManagerKt.transaction$default(ThreadLocalTransactionManager.kt:161)
	at com.sra.config.DatabaseConfig.createTables(DatabaseConfig.kt:28)
	at com.sra.config.DatabaseConfig.init(DatabaseConfig.kt:23)
	at com.sra.ApplicationKt.module(Application.kt:32)
	at java.base/jdk.internal.reflect.NativeMethodAccessorImpl.invoke0(Native Method)
	at java.base/jdk.internal.reflect.NativeMethodAccessorImpl.invoke(NativeMethodAccessorImpl.java:77)
	at java.base/jdk.internal.reflect.DelegatingMethodAccessorImpl.invoke(DelegatingMethodAccessorImpl.java:43)
	at java.base/java.lang.reflect.Method.invoke(Method.java:569)
	at kotlin.reflect.jvm.internal.calls.CallerImpl$Method.callMethod(CallerImpl.kt:97)
	at kotlin.reflect.jvm.internal.calls.CallerImpl$Method$Static.call(CallerImpl.kt:106)
	at kotlin.reflect.jvm.internal.KCallableImpl.callDefaultMethod$kotlin_reflection(KCallableImpl.kt:200)
	at kotlin.reflect.jvm.internal.KCallableImpl.callBy(KCallableImpl.kt:112)
	at io.ktor.server.engine.internal.CallableUtilsKt.callFunctionWithInjection(CallableUtils.kt:119)
	at io.ktor.server.engine.internal.CallableUtilsKt.executeModuleFunction(CallableUtils.kt:36)
	at io.ktor.server.engine.ApplicationEngineEnvironmentReloading$launchModuleByName$1.invoke(ApplicationEngineEnvironmentReloading.kt:332)
	at io.ktor.server.engine.ApplicationEngineEnvironmentReloading$launchModuleByName$1.invoke(ApplicationEngineEnvironmentReloading.kt:331)
	at io.ktor.server.engine.ApplicationEngineEnvironmentReloading.avoidingDoubleStartupFor(ApplicationEngineEnvironmentReloading.kt:356)
	at io.ktor.server.engine.ApplicationEngineEnvironmentReloading.launchModuleByName(ApplicationEngineEnvironmentReloading.kt:331)
	at io.ktor.server.engine.ApplicationEngineEnvironmentReloading.access$launchModuleByName(ApplicationEngineEnvironmentReloading.kt:32)
	at io.ktor.server.engine.ApplicationEngineEnvironmentReloading$instantiateAndConfigureApplication$1.invoke(ApplicationEngineEnvironmentReloading.kt:312)
	at io.ktor.server.engine.ApplicationEngineEnvironmentReloading$instantiateAndConfigureApplication$1.invoke(ApplicationEngineEnvironmentReloading.kt:310)
	at io.ktor.server.engine.ApplicationEngineEnvironmentReloading.avoidingDoubleStartup(ApplicationEngineEnvironmentReloading.kt:338)
	at io.ktor.server.engine.ApplicationEngineEnvironmentReloading.instantiateAndConfigureApplication(ApplicationEngineEnvironmentReloading.kt:310)
	at io.ktor.server.engine.ApplicationEngineEnvironmentReloading.createApplication(ApplicationEngineEnvironmentReloading.kt:150)
	at io.ktor.server.engine.ApplicationEngineEnvironmentReloading.start(ApplicationEngineEnvironmentReloading.kt:277)
	at io.ktor.server.netty.NettyApplicationEngine.start(NettyApplicationEngine.kt:216)
	at io.ktor.server.netty.EngineMain.main(EngineMain.kt:23)
	at com.sra.ApplicationKt.main(Application.kt:17)
Caused by: java.net.ConnectException: Connection refused: getsockopt
	at java.base/sun.nio.ch.Net.pollConnect(Native Method)
	at java.base/sun.nio.ch.Net.pollConnectNow(Net.java:684)
	at java.base/sun.nio.ch.NioSocketImpl.timedFinishConnect(NioSocketImpl.java:547)
	at java.base/sun.nio.ch.NioSocketImpl.connect(NioSocketImpl.java:602)
	at java.base/java.net.SocksSocketImpl.connect(SocksSocketImpl.java:327)
	at java.base/java.net.Socket.connect(Socket.java:633)
	at org.postgresql.core.PGStream.createSocket(PGStream.java:243)
	at org.postgresql.core.PGStream.<init>(PGStream.java:98)
	at org.postgresql.core.v3.ConnectionFactoryImpl.tryConnect(ConnectionFactoryImpl.java:136)
	at org.postgresql.core.v3.ConnectionFactoryImpl.openConnectionImpl(ConnectionFactoryImpl.java:262)
	... 57 common frames omitted
2026-02-22 15:17:22 [main] WARN  Exposed - Wait 0 milliseconds before retrying
2026-02-22 15:17:22 [main] WARN  Exposed - Transaction attempt #1 failed: Connection to localhost:5433 refused. Check that the hostname and port are correct and that the postmaster is accepting TCP/IP connections.. Statement(s): null
org.postgresql.util.PSQLException: Connection to localhost:5433 refused. Check that the hostname and port are correct and that the postmaster is accepting TCP/IP connections.
	at org.postgresql.core.v3.ConnectionFactoryImpl.openConnectionImpl(ConnectionFactoryImpl.java:346)
	at org.postgresql.core.ConnectionFactory.openConnection(ConnectionFactory.java:54)
	at org.postgresql.jdbc.PgConnection.<init>(PgConnection.java:273)
	at org.postgresql.Driver.makeConnection(Driver.java:446)
	at org.postgresql.Driver.connect(Driver.java:298)
	at java.sql/java.sql.DriverManager.getConnection(DriverManager.java:681)
	at java.sql/java.sql.DriverManager.getConnection(DriverManager.java:229)
	at org.jetbrains.exposed.sql.Database$Companion$connect$7.invoke(Database.kt:195)
	at org.jetbrains.exposed.sql.Database$Companion$connect$7.invoke(Database.kt:191)
	at org.jetbrains.exposed.sql.Database$Companion$doConnect$3.invoke(Database.kt:131)
	at org.jetbrains.exposed.sql.Database$Companion$doConnect$3.invoke(Database.kt:132)
	at org.jetbrains.exposed.sql.transactions.ThreadLocalTransactionManager$ThreadLocalTransaction$connectionLazy$1.invoke(ThreadLocalTransactionManager.kt:94)
	at org.jetbrains.exposed.sql.transactions.ThreadLocalTransactionManager$ThreadLocalTransaction$connectionLazy$1.invoke(ThreadLocalTransactionManager.kt:93)
	at kotlin.UnsafeLazyImpl.getValue(Lazy.kt:81)
	at org.jetbrains.exposed.sql.transactions.ThreadLocalTransactionManager$ThreadLocalTransaction.getConnection(ThreadLocalTransactionManager.kt:107)
	at org.jetbrains.exposed.sql.Transaction.getConnection(Transaction.kt)
	at org.jetbrains.exposed.sql.Database.metadata$exposed_core(Database.kt:41)
	at org.jetbrains.exposed.sql.vendors.VendorDialect.resetCaches(VendorDialect.kt:136)
	at org.jetbrains.exposed.sql.SchemaUtils.createMissingTablesAndColumns(SchemaUtils.kt:428)
	at org.jetbrains.exposed.sql.SchemaUtils.createMissingTablesAndColumns$default(SchemaUtils.kt:426)
	at com.sra.config.DatabaseConfig.createTables$lambda$0(DatabaseConfig.kt:29)
	at org.jetbrains.exposed.sql.transactions.ThreadLocalTransactionManagerKt.inTopLevelTransaction$run(ThreadLocalTransactionManager.kt:236)
	at org.jetbrains.exposed.sql.transactions.ThreadLocalTransactionManagerKt.access$inTopLevelTransaction$run(ThreadLocalTransactionManager.kt:1)
	at org.jetbrains.exposed.sql.transactions.ThreadLocalTransactionManagerKt$inTopLevelTransaction$1.invoke(ThreadLocalTransactionManager.kt:283)
	at org.jetbrains.exposed.sql.transactions.ThreadLocalTransactionManagerKt.keepAndRestoreTransactionRefAfterRun(ThreadLocalTransactionManager.kt:291)
	at org.jetbrains.exposed.sql.transactions.ThreadLocalTransactionManagerKt.inTopLevelTransaction(ThreadLocalTransactionManager.kt:282)
	at org.jetbrains.exposed.sql.transactions.ThreadLocalTransactionManagerKt$transaction$1.invoke(ThreadLocalTransactionManager.kt:204)
	at org.jetbrains.exposed.sql.transactions.ThreadLocalTransactionManagerKt.keepAndRestoreTransactionRefAfterRun(ThreadLocalTransactionManager.kt:291)
	at org.jetbrains.exposed.sql.transactions.ThreadLocalTransactionManagerKt.transaction(ThreadLocalTransactionManager.kt:174)
	at org.jetbrains.exposed.sql.transactions.ThreadLocalTransactionManagerKt.transaction(ThreadLocalTransactionManager.kt:162)
	at org.jetbrains.exposed.sql.transactions.ThreadLocalTransactionManagerKt.transaction$default(ThreadLocalTransactionManager.kt:161)
	at com.sra.config.DatabaseConfig.createTables(DatabaseConfig.kt:28)
	at com.sra.config.DatabaseConfig.init(DatabaseConfig.kt:23)
	at com.sra.ApplicationKt.module(Application.kt:32)
	at java.base/jdk.internal.reflect.NativeMethodAccessorImpl.invoke0(Native Method)
	at java.base/jdk.internal.reflect.NativeMethodAccessorImpl.invoke(NativeMethodAccessorImpl.java:77)
	at java.base/jdk.internal.reflect.DelegatingMethodAccessorImpl.invoke(DelegatingMethodAccessorImpl.java:43)
	at java.base/java.lang.reflect.Method.invoke(Method.java:569)
	at kotlin.reflect.jvm.internal.calls.CallerImpl$Method.callMethod(CallerImpl.kt:97)
	at kotlin.reflect.jvm.internal.calls.CallerImpl$Method$Static.call(CallerImpl.kt:106)
	at kotlin.reflect.jvm.internal.KCallableImpl.callDefaultMethod$kotlin_reflection(KCallableImpl.kt:200)
	at kotlin.reflect.jvm.internal.KCallableImpl.callBy(KCallableImpl.kt:112)
	at io.ktor.server.engine.internal.CallableUtilsKt.callFunctionWithInjection(CallableUtils.kt:119)
	at io.ktor.server.engine.internal.CallableUtilsKt.executeModuleFunction(CallableUtils.kt:36)
	at io.ktor.server.engine.ApplicationEngineEnvironmentReloading$launchModuleByName$1.invoke(ApplicationEngineEnvironmentReloading.kt:332)
	at io.ktor.server.engine.ApplicationEngineEnvironmentReloading$launchModuleByName$1.invoke(ApplicationEngineEnvironmentReloading.kt:331)
	at io.ktor.server.engine.ApplicationEngineEnvironmentReloading.avoidingDoubleStartupFor(ApplicationEngineEnvironmentReloading.kt:356)
	at io.ktor.server.engine.ApplicationEngineEnvironmentReloading.launchModuleByName(ApplicationEngineEnvironmentReloading.kt:331)
	at io.ktor.server.engine.ApplicationEngineEnvironmentReloading.access$launchModuleByName(ApplicationEngineEnvironmentReloading.kt:32)
	at io.ktor.server.engine.ApplicationEngineEnvironmentReloading$instantiateAndConfigureApplication$1.invoke(ApplicationEngineEnvironmentReloading.kt:312)
	at io.ktor.server.engine.ApplicationEngineEnvironmentReloading$instantiateAndConfigureApplication$1.invoke(ApplicationEngineEnvironmentReloading.kt:310)
	at io.ktor.server.engine.ApplicationEngineEnvironmentReloading.avoidingDoubleStartup(ApplicationEngineEnvironmentReloading.kt:338)
	at io.ktor.server.engine.ApplicationEngineEnvironmentReloading.instantiateAndConfigureApplication(ApplicationEngineEnvironmentReloading.kt:310)
	at io.ktor.server.engine.ApplicationEngineEnvironmentReloading.createApplication(ApplicationEngineEnvironmentReloading.kt:150)
	at io.ktor.server.engine.ApplicationEngineEnvironmentReloading.start(ApplicationEngineEnvironmentReloading.kt:277)
	at io.ktor.server.netty.NettyApplicationEngine.start(NettyApplicationEngine.kt:216)
	at io.ktor.server.netty.EngineMain.main(EngineMain.kt:23)
	at com.sra.ApplicationKt.main(Application.kt:17)
Caused by: java.net.ConnectException: Connection refused: getsockopt
	at java.base/sun.nio.ch.Net.pollConnect(Native Method)
	at java.base/sun.nio.ch.Net.pollConnectNow(Net.java:684)
	at java.base/sun.nio.ch.NioSocketImpl.timedFinishConnect(NioSocketImpl.java:547)
	at java.base/sun.nio.ch.NioSocketImpl.connect(NioSocketImpl.java:602)
	at java.base/java.net.SocksSocketImpl.connect(SocksSocketImpl.java:327)
	at java.base/java.net.Socket.connect(Socket.java:633)
	at org.postgresql.core.PGStream.createSocket(PGStream.java:243)
	at org.postgresql.core.PGStream.<init>(PGStream.java:98)
	at org.postgresql.core.v3.ConnectionFactoryImpl.tryConnect(ConnectionFactoryImpl.java:136)
	at org.postgresql.core.v3.ConnectionFactoryImpl.openConnectionImpl(ConnectionFactoryImpl.java:262)
	... 57 common frames omitted
2026-02-22 15:17:22 [main] WARN  Exposed - Wait 0 milliseconds before retrying
2026-02-22 15:17:22 [main] WARN  Exposed - Transaction attempt #2 failed: Connection to localhost:5433 refused. Check that the hostname and port are correct and that the postmaster is accepting TCP/IP connections.. Statement(s): null
org.postgresql.util.PSQLException: Connection to localhost:5433 refused. Check that the hostname and port are correct and that the postmaster is accepting TCP/IP connections.
	at org.postgresql.core.v3.ConnectionFactoryImpl.openConnectionImpl(ConnectionFactoryImpl.java:346)
	at org.postgresql.core.ConnectionFactory.openConnection(ConnectionFactory.java:54)
	at org.postgresql.jdbc.PgConnection.<init>(PgConnection.java:273)
	at org.postgresql.Driver.makeConnection(Driver.java:446)
	at org.postgresql.Driver.connect(Driver.java:298)
	at java.sql/java.sql.DriverManager.getConnection(DriverManager.java:681)
	at java.sql/java.sql.DriverManager.getConnection(DriverManager.java:229)
	at org.jetbrains.exposed.sql.Database$Companion$connect$7.invoke(Database.kt:195)
	at org.jetbrains.exposed.sql.Database$Companion$connect$7.invoke(Database.kt:191)
	at org.jetbrains.exposed.sql.Database$Companion$doConnect$3.invoke(Database.kt:131)
	at org.jetbrains.exposed.sql.Database$Companion$doConnect$3.invoke(Database.kt:132)
	at org.jetbrains.exposed.sql.transactions.ThreadLocalTransactionManager$ThreadLocalTransaction$connectionLazy$1.invoke(ThreadLocalTransactionManager.kt:94)
	at org.jetbrains.exposed.sql.transactions.ThreadLocalTransactionManager$ThreadLocalTransaction$connectionLazy$1.invoke(ThreadLocalTransactionManager.kt:93)
	at kotlin.UnsafeLazyImpl.getValue(Lazy.kt:81)
	at org.jetbrains.exposed.sql.transactions.ThreadLocalTransactionManager$ThreadLocalTransaction.getConnection(ThreadLocalTransactionManager.kt:107)
	at org.jetbrains.exposed.sql.Transaction.getConnection(Transaction.kt)
	at org.jetbrains.exposed.sql.Database.metadata$exposed_core(Database.kt:41)
	at org.jetbrains.exposed.sql.vendors.VendorDialect.resetCaches(VendorDialect.kt:136)
	at org.jetbrains.exposed.sql.SchemaUtils.createMissingTablesAndColumns(SchemaUtils.kt:428)
	at org.jetbrains.exposed.sql.SchemaUtils.createMissingTablesAndColumns$default(SchemaUtils.kt:426)
	at com.sra.config.DatabaseConfig.createTables$lambda$0(DatabaseConfig.kt:29)
	at org.jetbrains.exposed.sql.transactions.ThreadLocalTransactionManagerKt.inTopLevelTransaction$run(ThreadLocalTransactionManager.kt:236)
	at org.jetbrains.exposed.sql.transactions.ThreadLocalTransactionManagerKt.access$inTopLevelTransaction$run(ThreadLocalTransactionManager.kt:1)
	at org.jetbrains.exposed.sql.transactions.ThreadLocalTransactionManagerKt$inTopLevelTransaction$1.invoke(ThreadLocalTransactionManager.kt:283)
	at org.jetbrains.exposed.sql.transactions.ThreadLocalTransactionManagerKt.keepAndRestoreTransactionRefAfterRun(ThreadLocalTransactionManager.kt:291)
	at org.jetbrains.exposed.sql.transactions.ThreadLocalTransactionManagerKt.inTopLevelTransaction(ThreadLocalTransactionManager.kt:282)
	at org.jetbrains.exposed.sql.transactions.ThreadLocalTransactionManagerKt$transaction$1.invoke(ThreadLocalTransactionManager.kt:204)
	at org.jetbrains.exposed.sql.transactions.ThreadLocalTransactionManagerKt.keepAndRestoreTransactionRefAfterRun(ThreadLocalTransactionManager.kt:291)
	at org.jetbrains.exposed.sql.transactions.ThreadLocalTransactionManagerKt.transaction(ThreadLocalTransactionManager.kt:174)
	at org.jetbrains.exposed.sql.transactions.ThreadLocalTransactionManagerKt.transaction(ThreadLocalTransactionManager.kt:162)
	at org.jetbrains.exposed.sql.transactions.ThreadLocalTransactionManagerKt.transaction$default(ThreadLocalTransactionManager.kt:161)
	at com.sra.config.DatabaseConfig.createTables(DatabaseConfig.kt:28)
	at com.sra.config.DatabaseConfig.init(DatabaseConfig.kt:23)
	at com.sra.ApplicationKt.module(Application.kt:32)
	at java.base/jdk.internal.reflect.NativeMethodAccessorImpl.invoke0(Native Method)
	at java.base/jdk.internal.reflect.NativeMethodAccessorImpl.invoke(NativeMethodAccessorImpl.java:77)
	at java.base/jdk.internal.reflect.DelegatingMethodAccessorImpl.invoke(DelegatingMethodAccessorImpl.java:43)
	at java.base/java.lang.reflect.Method.invoke(Method.java:569)
	at kotlin.reflect.jvm.internal.calls.CallerImpl$Method.callMethod(CallerImpl.kt:97)
	at kotlin.reflect.jvm.internal.calls.CallerImpl$Method$Static.call(CallerImpl.kt:106)
	at kotlin.reflect.jvm.internal.KCallableImpl.callDefaultMethod$kotlin_reflection(KCallableImpl.kt:200)
	at kotlin.reflect.jvm.internal.KCallableImpl.callBy(KCallableImpl.kt:112)
	at io.ktor.server.engine.internal.CallableUtilsKt.callFunctionWithInjection(CallableUtils.kt:119)
	at io.ktor.server.engine.internal.CallableUtilsKt.executeModuleFunction(CallableUtils.kt:36)
	at io.ktor.server.engine.ApplicationEngineEnvironmentReloading$launchModuleByName$1.invoke(ApplicationEngineEnvironmentReloading.kt:332)
	at io.ktor.server.engine.ApplicationEngineEnvironmentReloading$launchModuleByName$1.invoke(ApplicationEngineEnvironmentReloading.kt:331)
	at io.ktor.server.engine.ApplicationEngineEnvironmentReloading.avoidingDoubleStartupFor(ApplicationEngineEnvironmentReloading.kt:356)
	at io.ktor.server.engine.ApplicationEngineEnvironmentReloading.launchModuleByName(ApplicationEngineEnvironmentReloading.kt:331)
	at io.ktor.server.engine.ApplicationEngineEnvironmentReloading.access$launchModuleByName(ApplicationEngineEnvironmentReloading.kt:32)
	at io.ktor.server.engine.ApplicationEngineEnvironmentReloading$instantiateAndConfigureApplication$1.invoke(ApplicationEngineEnvironmentReloading.kt:312)
	at io.ktor.server.engine.ApplicationEngineEnvironmentReloading$instantiateAndConfigureApplication$1.invoke(ApplicationEngineEnvironmentReloading.kt:310)
	at io.ktor.server.engine.ApplicationEngineEnvironmentReloading.avoidingDoubleStartup(ApplicationEngineEnvironmentReloading.kt:338)
	at io.ktor.server.engine.ApplicationEngineEnvironmentReloading.instantiateAndConfigureApplication(ApplicationEngineEnvironmentReloading.kt:310)
	at io.ktor.server.engine.ApplicationEngineEnvironmentReloading.createApplication(ApplicationEngineEnvironmentReloading.kt:150)
	at io.ktor.server.engine.ApplicationEngineEnvironmentReloading.start(ApplicationEngineEnvironmentReloading.kt:277)
	at io.ktor.server.netty.NettyApplicationEngine.start(NettyApplicationEngine.kt:216)
	at io.ktor.server.netty.EngineMain.main(EngineMain.kt:23)
	at com.sra.ApplicationKt.main(Application.kt:17)
Caused by: java.net.ConnectException: Connection refused: getsockopt
	at java.base/sun.nio.ch.Net.pollConnect(Native Method)
	at java.base/sun.nio.ch.Net.pollConnectNow(Net.java:684)
	at java.base/sun.nio.ch.NioSocketImpl.timedFinishConnect(NioSocketImpl.java:547)
	at java.base/sun.nio.ch.NioSocketImpl.connect(NioSocketImpl.java:602)
	at java.base/java.net.SocksSocketImpl.connect(SocksSocketImpl.java:327)
	at java.base/java.net.Socket.connect(Socket.java:633)
	at org.postgresql.core.PGStream.createSocket(PGStream.java:243)
	at org.postgresql.core.PGStream.<init>(PGStream.java:98)
	at org.postgresql.core.v3.ConnectionFactoryImpl.tryConnect(ConnectionFactoryImpl.java:136)
	at org.postgresql.core.v3.ConnectionFactoryImpl.openConnectionImpl(ConnectionFactoryImpl.java:262)
	... 57 common frames omitted
2026-02-22 15:18:13 [main] INFO  Application - No ktor.deployment.watch patterns match classpath entries, automatic reload is not active
2026-02-22 15:18:14 [main] INFO  com.sra.config.DatabaseConfig - Initializing database connection...
2026-02-22 15:18:14 [main] INFO  Exposed - Preparing create tables statements took 85ms
2026-02-22 15:18:14 [main] INFO  Exposed - Executing create tables statements took 19ms
2026-02-22 15:18:14 [main] INFO  Exposed - Extracting table columns took 43ms
2026-02-22 15:18:14 [main] INFO  Exposed - Extracting primary keys took 19ms
2026-02-22 15:18:14 [main] INFO  Exposed - Extracting column constraints took 60ms
2026-02-22 15:18:14 [main] INFO  Exposed - Preparing alter table statements took 131ms
2026-02-22 15:18:15 [main] INFO  Exposed - Executing alter table statements took 40ms
2026-02-22 15:18:15 [main] INFO  Exposed - Checking mapping consistence took 37ms
2026-02-22 15:18:15 [main] INFO  com.sra.config.DatabaseConfig - Database tables verified/created
2026-02-22 15:18:15 [main] INFO  com.sra.config.DatabaseConfig - Database initialized successfully
2026-02-22 15:18:15 [main] INFO  Application - SRA Backend started successfully
2026-02-22 15:18:15 [main] INFO  Application - Application started in 1.881 seconds.
2026-02-22 15:18:15 [main] INFO  Application - Responding at http://127.0.0.1:8080
2026-02-22 15:21:33 [eventLoopGroupProxy-4-1] INFO  com.sra.service.AuthService - User logged in: test@sra.com
2026-02-22 15:24:25 [eventLoopGroupProxy-4-2] INFO  com.sra.service.GiveawayService - Giveaway created: 5 by user: 5
2026-02-22 15:25:23 [eventLoopGroupProxy-4-2] INFO  com.sra.service.EntryService - Entry submitted for giveaway: 5 by: Ahmed Khan
2026-02-22 15:25:52 [eventLoopGroupProxy-4-2] ERROR Application - Unhandled exception
io.ktor.server.plugins.BadRequestException: Failed to convert request body to class com.sra.domain.models.SubmitEntryRequest
	at io.ktor.server.plugins.contentnegotiation.RequestConverterKt.convertBody(RequestConverter.kt:69)
	at io.ktor.server.plugins.contentnegotiation.RequestConverterKt.access$convertBody(RequestConverter.kt:1)
	at io.ktor.server.plugins.contentnegotiation.RequestConverterKt$convertRequestBody$1$1.invokeSuspend(RequestConverter.kt:40)
	at io.ktor.server.plugins.contentnegotiation.RequestConverterKt$convertRequestBody$1$1.invoke(RequestConverter.kt)
	at io.ktor.server.plugins.contentnegotiation.RequestConverterKt$convertRequestBody$1$1.invoke(RequestConverter.kt)
	at io.ktor.server.application.OnCallReceiveContext.transformBody(KtorCallContexts.kt:65)
	at io.ktor.server.plugins.contentnegotiation.RequestConverterKt$convertRequestBody$1.invokeSuspend(RequestConverter.kt:28)
	at io.ktor.server.plugins.contentnegotiation.RequestConverterKt$convertRequestBody$1.invoke(RequestConverter.kt)
	at io.ktor.server.plugins.contentnegotiation.RequestConverterKt$convertRequestBody$1.invoke(RequestConverter.kt)
	at io.ktor.server.application.PluginBuilder$onCallReceive$3.invokeSuspend(PluginBuilder.kt:163)
	at io.ktor.server.application.PluginBuilder$onCallReceive$3.invoke(PluginBuilder.kt)
	at io.ktor.server.application.PluginBuilder$onCallReceive$3.invoke(PluginBuilder.kt)
	at io.ktor.server.application.PluginBuilder$onCallReceive$2.invokeSuspend(PluginBuilder.kt:107)
	at io.ktor.server.application.PluginBuilder$onCallReceive$2.invoke(PluginBuilder.kt)
	at io.ktor.server.application.PluginBuilder$onCallReceive$2.invoke(PluginBuilder.kt)
	at io.ktor.server.application.PluginBuilder$onDefaultPhase$1.invokeSuspend(PluginBuilder.kt:215)
	at io.ktor.server.application.PluginBuilder$onDefaultPhase$1.invoke(PluginBuilder.kt)
	at io.ktor.server.application.PluginBuilder$onDefaultPhase$1.invoke(PluginBuilder.kt)
	at io.ktor.server.application.PluginBuilder$onDefaultPhaseWithMessage$1$1$1.invokeSuspend(PluginBuilder.kt:198)
	at io.ktor.server.application.PluginBuilder$onDefaultPhaseWithMessage$1$1$1.invoke(PluginBuilder.kt)
	at io.ktor.server.application.PluginBuilder$onDefaultPhaseWithMessage$1$1$1.invoke(PluginBuilder.kt)
	at io.ktor.util.debug.ContextUtilsKt.addToContextInDebugMode(ContextUtils.kt:30)
	at io.ktor.server.application.PluginBuilder$onDefaultPhaseWithMessage$1$1.invokeSuspend(PluginBuilder.kt:194)
	at io.ktor.server.application.PluginBuilder$onDefaultPhaseWithMessage$1$1.invoke(PluginBuilder.kt)
	at io.ktor.server.application.PluginBuilder$onDefaultPhaseWithMessage$1$1.invoke(PluginBuilder.kt)
	at io.ktor.util.pipeline.DebugPipelineContext.proceedLoop(DebugPipelineContext.kt:80)
	at io.ktor.util.pipeline.DebugPipelineContext.proceed(DebugPipelineContext.kt:57)
	at io.ktor.util.pipeline.DebugPipelineContext.execute$ktor_utils(DebugPipelineContext.kt:63)
	at io.ktor.util.pipeline.Pipeline.execute(Pipeline.kt:77)
	at io.ktor.server.request.ApplicationReceiveFunctionsKt.receiveNullable(ApplicationReceiveFunctions.kt:103)
	at com.sra.routes.EntryRoutesKt$entryRoutes$1$1.invokeSuspend(EntryRoutes.kt:41)
	at com.sra.routes.EntryRoutesKt$entryRoutes$1$1.invoke(EntryRoutes.kt)
	at com.sra.routes.EntryRoutesKt$entryRoutes$1$1.invoke(EntryRoutes.kt)
	at io.ktor.server.routing.Route$buildPipeline$1$1.invokeSuspend(Route.kt:116)
	at io.ktor.server.routing.Route$buildPipeline$1$1.invoke(Route.kt)
	at io.ktor.server.routing.Route$buildPipeline$1$1.invoke(Route.kt)
	at io.ktor.util.pipeline.DebugPipelineContext.proceedLoop(DebugPipelineContext.kt:80)
	at io.ktor.util.pipeline.DebugPipelineContext.proceed(DebugPipelineContext.kt:57)
	at io.ktor.util.pipeline.DebugPipelineContext.execute$ktor_utils(DebugPipelineContext.kt:63)
	at io.ktor.util.pipeline.Pipeline.execute(Pipeline.kt:77)
	at io.ktor.server.routing.Routing$executeResult$$inlined$execute$1.invokeSuspend(Pipeline.kt:478)
	at io.ktor.server.routing.Routing$executeResult$$inlined$execute$1.invoke(Pipeline.kt)
	at io.ktor.server.routing.Routing$executeResult$$inlined$execute$1.invoke(Pipeline.kt)
	at io.ktor.util.debug.ContextUtilsKt.initContextInDebugMode(ContextUtils.kt:17)
	at io.ktor.server.routing.Routing.executeResult(Routing.kt:190)
	at io.ktor.server.routing.Routing.interceptor(Routing.kt:64)
	at io.ktor.server.routing.Routing$Plugin$install$1.invokeSuspend(Routing.kt:140)
	at io.ktor.server.routing.Routing$Plugin$install$1.invoke(Routing.kt)
	at io.ktor.server.routing.Routing$Plugin$install$1.invoke(Routing.kt)
	at io.ktor.util.pipeline.DebugPipelineContext.proceedLoop(DebugPipelineContext.kt:80)
	at io.ktor.util.pipeline.DebugPipelineContext.proceed(DebugPipelineContext.kt:57)
	at io.ktor.server.engine.BaseApplicationEngineKt$installDefaultTransformationChecker$1.invokeSuspend(BaseApplicationEngine.kt:124)
	at io.ktor.server.engine.BaseApplicationEngineKt$installDefaultTransformationChecker$1.invoke(BaseApplicationEngine.kt)
	at io.ktor.server.engine.BaseApplicationEngineKt$installDefaultTransformationChecker$1.invoke(BaseApplicationEngine.kt)
	at io.ktor.util.pipeline.DebugPipelineContext.proceedLoop(DebugPipelineContext.kt:80)
	at io.ktor.util.pipeline.DebugPipelineContext.proceed(DebugPipelineContext.kt:57)
	at io.ktor.server.application.hooks.CallFailed$install$1$1.invokeSuspend(CommonHooks.kt:45)
	at io.ktor.server.application.hooks.CallFailed$install$1$1.invoke(CommonHooks.kt)
	at io.ktor.server.application.hooks.CallFailed$install$1$1.invoke(CommonHooks.kt)
	at kotlinx.coroutines.intrinsics.UndispatchedKt.startUndispatchedOrReturn(Undispatched.kt:78)
	at kotlinx.coroutines.CoroutineScopeKt.coroutineScope(CoroutineScope.kt:264)
	at io.ktor.server.application.hooks.CallFailed$install$1.invokeSuspend(CommonHooks.kt:44)
	at io.ktor.server.application.hooks.CallFailed$install$1.invoke(CommonHooks.kt)
	at io.ktor.server.application.hooks.CallFailed$install$1.invoke(CommonHooks.kt)
	at io.ktor.util.pipeline.DebugPipelineContext.proceedLoop(DebugPipelineContext.kt:80)
	at io.ktor.util.pipeline.DebugPipelineContext.proceed(DebugPipelineContext.kt:57)
	at io.ktor.util.pipeline.DebugPipelineContext.execute$ktor_utils(DebugPipelineContext.kt:63)
	at io.ktor.util.pipeline.Pipeline.execute(Pipeline.kt:77)
	at io.ktor.server.engine.DefaultEnginePipelineKt$defaultEnginePipeline$1$invokeSuspend$$inlined$execute$1.invokeSuspend(Pipeline.kt:478)
	at io.ktor.server.engine.DefaultEnginePipelineKt$defaultEnginePipeline$1$invokeSuspend$$inlined$execute$1.invoke(Pipeline.kt)
	at io.ktor.server.engine.DefaultEnginePipelineKt$defaultEnginePipeline$1$invokeSuspend$$inlined$execute$1.invoke(Pipeline.kt)
	at io.ktor.util.debug.ContextUtilsKt.initContextInDebugMode(ContextUtils.kt:17)
	at io.ktor.server.engine.DefaultEnginePipelineKt$defaultEnginePipeline$1.invokeSuspend(DefaultEnginePipeline.kt:123)
	at io.ktor.server.engine.DefaultEnginePipelineKt$defaultEnginePipeline$1.invoke(DefaultEnginePipeline.kt)
	at io.ktor.server.engine.DefaultEnginePipelineKt$defaultEnginePipeline$1.invoke(DefaultEnginePipeline.kt)
	at io.ktor.util.pipeline.DebugPipelineContext.proceedLoop(DebugPipelineContext.kt:80)
	at io.ktor.util.pipeline.DebugPipelineContext.proceed(DebugPipelineContext.kt:57)
	at io.ktor.util.pipeline.DebugPipelineContext.execute$ktor_utils(DebugPipelineContext.kt:63)
	at io.ktor.util.pipeline.Pipeline.execute(Pipeline.kt:77)
	at io.ktor.server.netty.NettyApplicationCallHandler$handleRequest$1$invokeSuspend$$inlined$execute$1.invokeSuspend(Pipeline.kt:478)
	at io.ktor.server.netty.NettyApplicationCallHandler$handleRequest$1$invokeSuspend$$inlined$execute$1.invoke(Pipeline.kt)
	at io.ktor.server.netty.NettyApplicationCallHandler$handleRequest$1$invokeSuspend$$inlined$execute$1.invoke(Pipeline.kt)
	at io.ktor.util.debug.ContextUtilsKt.initContextInDebugMode(ContextUtils.kt:17)
	at io.ktor.server.netty.NettyApplicationCallHandler$handleRequest$1.invokeSuspend(NettyApplicationCallHandler.kt:140)
	at io.ktor.server.netty.NettyApplicationCallHandler$handleRequest$1.invoke(NettyApplicationCallHandler.kt)
	at io.ktor.server.netty.NettyApplicationCallHandler$handleRequest$1.invoke(NettyApplicationCallHandler.kt)
	at kotlinx.coroutines.intrinsics.UndispatchedKt.startCoroutineUndispatched(Undispatched.kt:44)
	at kotlinx.coroutines.CoroutineStart.invoke(CoroutineStart.kt:112)
	at kotlinx.coroutines.AbstractCoroutine.start(AbstractCoroutine.kt:126)
	at kotlinx.coroutines.BuildersKt__Builders_commonKt.launch(Builders.common.kt:56)
	at kotlinx.coroutines.BuildersKt.launch(Unknown Source)
	at io.ktor.server.netty.NettyApplicationCallHandler.handleRequest(NettyApplicationCallHandler.kt:41)
	at io.ktor.server.netty.NettyApplicationCallHandler.channelRead(NettyApplicationCallHandler.kt:33)
	at io.netty.channel.AbstractChannelHandlerContext.invokeChannelRead(AbstractChannelHandlerContext.java:444)
	at io.netty.channel.AbstractChannelHandlerContext.access$600(AbstractChannelHandlerContext.java:61)
	at io.netty.channel.AbstractChannelHandlerContext$7.run(AbstractChannelHandlerContext.java:425)
	at io.netty.util.concurrent.AbstractEventExecutor.runTask(AbstractEventExecutor.java:173)
	at io.netty.util.concurrent.AbstractEventExecutor.safeExecute(AbstractEventExecutor.java:166)
	at io.netty.util.concurrent.SingleThreadEventExecutor.runAllTasks(SingleThreadEventExecutor.java:470)
	at io.netty.channel.nio.NioEventLoop.run(NioEventLoop.java:569)
	at io.netty.util.concurrent.SingleThreadEventExecutor$4.run(SingleThreadEventExecutor.java:997)
	at io.netty.util.internal.ThreadExecutorMap$2.run(ThreadExecutorMap.java:74)
	at io.ktor.server.netty.EventLoopGroupProxy$Companion.create$lambda$1$lambda$0(NettyApplicationEngine.kt:296)
	at io.netty.util.concurrent.FastThreadLocalRunnable.run(FastThreadLocalRunnable.java:30)
	at java.base/java.lang.Thread.run(Thread.java:840)
Caused by: io.ktor.serialization.JsonConvertException: Illegal input: Unexpected JSON token at offset 0: Expected start of the object '{', but had 'E' instead at path: $
JSON input: Entry 2:
{
    "participantN.....
	at io.ktor.serialization.kotlinx.KotlinxSerializationConverter.deserialize(KotlinxSerializationConverter.kt:90)
	at io.ktor.server.plugins.contentnegotiation.RequestConverterKt.convertBody(RequestConverter.kt:67)
	... 104 common frames omitted
Caused by: kotlinx.serialization.json.internal.JsonDecodingException: Unexpected JSON token at offset 0: Expected start of the object '{', but had 'E' instead at path: $
JSON input: Entry 2:
{
    "participantN.....
	at kotlinx.serialization.json.internal.JsonExceptionsKt.JsonDecodingException(JsonExceptions.kt:24)
	at kotlinx.serialization.json.internal.JsonExceptionsKt.JsonDecodingException(JsonExceptions.kt:32)
	at kotlinx.serialization.json.internal.AbstractJsonLexer.fail(AbstractJsonLexer.kt:598)
	at kotlinx.serialization.json.internal.AbstractJsonLexer.fail$default(AbstractJsonLexer.kt:596)
	at kotlinx.serialization.json.internal.AbstractJsonLexer.fail$kotlinx_serialization_json(AbstractJsonLexer.kt:233)
	at kotlinx.serialization.json.internal.AbstractJsonLexer.fail$kotlinx_serialization_json$default(AbstractJsonLexer.kt:228)
	at kotlinx.serialization.json.internal.AbstractJsonLexer.unexpectedToken(AbstractJsonLexer.kt:225)
	at kotlinx.serialization.json.internal.StringJsonLexer.consumeNextToken(StringJsonLexer.kt:74)
	at kotlinx.serialization.json.internal.StreamingJsonDecoder.beginStructure(StreamingJsonDecoder.kt:102)
	at com.sra.domain.models.SubmitEntryRequest$$serializer.deserialize(Entry.kt:16)
	at com.sra.domain.models.SubmitEntryRequest$$serializer.deserialize(Entry.kt:16)
	at kotlinx.serialization.json.internal.StreamingJsonDecoder.decodeSerializableValue(StreamingJsonDecoder.kt:69)
	at kotlinx.serialization.json.Json.decodeFromString(Json.kt:107)
	at io.ktor.serialization.kotlinx.KotlinxSerializationConverter.deserialize(KotlinxSerializationConverter.kt:82)
	... 105 common frames omitted
2026-02-22 15:26:10 [eventLoopGroupProxy-4-2] ERROR Application - Unhandled exception
io.ktor.server.plugins.BadRequestException: Failed to convert request body to class com.sra.domain.models.SubmitEntryRequest
	at io.ktor.server.plugins.contentnegotiation.RequestConverterKt.convertBody(RequestConverter.kt:69)
	at io.ktor.server.plugins.contentnegotiation.RequestConverterKt.access$convertBody(RequestConverter.kt:1)
	at io.ktor.server.plugins.contentnegotiation.RequestConverterKt$convertRequestBody$1$1.invokeSuspend(RequestConverter.kt:40)
	at io.ktor.server.plugins.contentnegotiation.RequestConverterKt$convertRequestBody$1$1.invoke(RequestConverter.kt)
	at io.ktor.server.plugins.contentnegotiation.RequestConverterKt$convertRequestBody$1$1.invoke(RequestConverter.kt)
	at io.ktor.server.application.OnCallReceiveContext.transformBody(KtorCallContexts.kt:65)
	at io.ktor.server.plugins.contentnegotiation.RequestConverterKt$convertRequestBody$1.invokeSuspend(RequestConverter.kt:28)
	at io.ktor.server.plugins.contentnegotiation.RequestConverterKt$convertRequestBody$1.invoke(RequestConverter.kt)
	at io.ktor.server.plugins.contentnegotiation.RequestConverterKt$convertRequestBody$1.invoke(RequestConverter.kt)
	at io.ktor.server.application.PluginBuilder$onCallReceive$3.invokeSuspend(PluginBuilder.kt:163)
	at io.ktor.server.application.PluginBuilder$onCallReceive$3.invoke(PluginBuilder.kt)
	at io.ktor.server.application.PluginBuilder$onCallReceive$3.invoke(PluginBuilder.kt)
	at io.ktor.server.application.PluginBuilder$onCallReceive$2.invokeSuspend(PluginBuilder.kt:107)
	at io.ktor.server.application.PluginBuilder$onCallReceive$2.invoke(PluginBuilder.kt)
	at io.ktor.server.application.PluginBuilder$onCallReceive$2.invoke(PluginBuilder.kt)
	at io.ktor.server.application.PluginBuilder$onDefaultPhase$1.invokeSuspend(PluginBuilder.kt:215)
	at io.ktor.server.application.PluginBuilder$onDefaultPhase$1.invoke(PluginBuilder.kt)
	at io.ktor.server.application.PluginBuilder$onDefaultPhase$1.invoke(PluginBuilder.kt)
	at io.ktor.server.application.PluginBuilder$onDefaultPhaseWithMessage$1$1$1.invokeSuspend(PluginBuilder.kt:198)
	at io.ktor.server.application.PluginBuilder$onDefaultPhaseWithMessage$1$1$1.invoke(PluginBuilder.kt)
	at io.ktor.server.application.PluginBuilder$onDefaultPhaseWithMessage$1$1$1.invoke(PluginBuilder.kt)
	at io.ktor.util.debug.ContextUtilsKt.addToContextInDebugMode(ContextUtils.kt:30)
	at io.ktor.server.application.PluginBuilder$onDefaultPhaseWithMessage$1$1.invokeSuspend(PluginBuilder.kt:194)
	at io.ktor.server.application.PluginBuilder$onDefaultPhaseWithMessage$1$1.invoke(PluginBuilder.kt)
	at io.ktor.server.application.PluginBuilder$onDefaultPhaseWithMessage$1$1.invoke(PluginBuilder.kt)
	at io.ktor.util.pipeline.DebugPipelineContext.proceedLoop(DebugPipelineContext.kt:80)
	at io.ktor.util.pipeline.DebugPipelineContext.proceed(DebugPipelineContext.kt:57)
	at io.ktor.util.pipeline.DebugPipelineContext.execute$ktor_utils(DebugPipelineContext.kt:63)
	at io.ktor.util.pipeline.Pipeline.execute(Pipeline.kt:77)
	at io.ktor.server.request.ApplicationReceiveFunctionsKt.receiveNullable(ApplicationReceiveFunctions.kt:103)
	at com.sra.routes.EntryRoutesKt$entryRoutes$1$1.invokeSuspend(EntryRoutes.kt:41)
	at com.sra.routes.EntryRoutesKt$entryRoutes$1$1.invoke(EntryRoutes.kt)
	at com.sra.routes.EntryRoutesKt$entryRoutes$1$1.invoke(EntryRoutes.kt)
	at io.ktor.server.routing.Route$buildPipeline$1$1.invokeSuspend(Route.kt:116)
	at io.ktor.server.routing.Route$buildPipeline$1$1.invoke(Route.kt)
	at io.ktor.server.routing.Route$buildPipeline$1$1.invoke(Route.kt)
	at io.ktor.util.pipeline.DebugPipelineContext.proceedLoop(DebugPipelineContext.kt:80)
	at io.ktor.util.pipeline.DebugPipelineContext.proceed(DebugPipelineContext.kt:57)
	at io.ktor.util.pipeline.DebugPipelineContext.execute$ktor_utils(DebugPipelineContext.kt:63)
	at io.ktor.util.pipeline.Pipeline.execute(Pipeline.kt:77)
	at io.ktor.server.routing.Routing$executeResult$$inlined$execute$1.invokeSuspend(Pipeline.kt:478)
	at io.ktor.server.routing.Routing$executeResult$$inlined$execute$1.invoke(Pipeline.kt)
	at io.ktor.server.routing.Routing$executeResult$$inlined$execute$1.invoke(Pipeline.kt)
	at io.ktor.util.debug.ContextUtilsKt.initContextInDebugMode(ContextUtils.kt:17)
	at io.ktor.server.routing.Routing.executeResult(Routing.kt:190)
	at io.ktor.server.routing.Routing.interceptor(Routing.kt:64)
	at io.ktor.server.routing.Routing$Plugin$install$1.invokeSuspend(Routing.kt:140)
	at io.ktor.server.routing.Routing$Plugin$install$1.invoke(Routing.kt)
	at io.ktor.server.routing.Routing$Plugin$install$1.invoke(Routing.kt)
	at io.ktor.util.pipeline.DebugPipelineContext.proceedLoop(DebugPipelineContext.kt:80)
	at io.ktor.util.pipeline.DebugPipelineContext.proceed(DebugPipelineContext.kt:57)
	at io.ktor.server.engine.BaseApplicationEngineKt$installDefaultTransformationChecker$1.invokeSuspend(BaseApplicationEngine.kt:124)
	at io.ktor.server.engine.BaseApplicationEngineKt$installDefaultTransformationChecker$1.invoke(BaseApplicationEngine.kt)
	at io.ktor.server.engine.BaseApplicationEngineKt$installDefaultTransformationChecker$1.invoke(BaseApplicationEngine.kt)
	at io.ktor.util.pipeline.DebugPipelineContext.proceedLoop(DebugPipelineContext.kt:80)
	at io.ktor.util.pipeline.DebugPipelineContext.proceed(DebugPipelineContext.kt:57)
	at io.ktor.server.application.hooks.CallFailed$install$1$1.invokeSuspend(CommonHooks.kt:45)
	at io.ktor.server.application.hooks.CallFailed$install$1$1.invoke(CommonHooks.kt)
	at io.ktor.server.application.hooks.CallFailed$install$1$1.invoke(CommonHooks.kt)
	at kotlinx.coroutines.intrinsics.UndispatchedKt.startUndispatchedOrReturn(Undispatched.kt:78)
	at kotlinx.coroutines.CoroutineScopeKt.coroutineScope(CoroutineScope.kt:264)
	at io.ktor.server.application.hooks.CallFailed$install$1.invokeSuspend(CommonHooks.kt:44)
	at io.ktor.server.application.hooks.CallFailed$install$1.invoke(CommonHooks.kt)
	at io.ktor.server.application.hooks.CallFailed$install$1.invoke(CommonHooks.kt)
	at io.ktor.util.pipeline.DebugPipelineContext.proceedLoop(DebugPipelineContext.kt:80)
	at io.ktor.util.pipeline.DebugPipelineContext.proceed(DebugPipelineContext.kt:57)
	at io.ktor.util.pipeline.DebugPipelineContext.execute$ktor_utils(DebugPipelineContext.kt:63)
	at io.ktor.util.pipeline.Pipeline.execute(Pipeline.kt:77)
	at io.ktor.server.engine.DefaultEnginePipelineKt$defaultEnginePipeline$1$invokeSuspend$$inlined$execute$1.invokeSuspend(Pipeline.kt:478)
	at io.ktor.server.engine.DefaultEnginePipelineKt$defaultEnginePipeline$1$invokeSuspend$$inlined$execute$1.invoke(Pipeline.kt)
	at io.ktor.server.engine.DefaultEnginePipelineKt$defaultEnginePipeline$1$invokeSuspend$$inlined$execute$1.invoke(Pipeline.kt)
	at io.ktor.util.debug.ContextUtilsKt.initContextInDebugMode(ContextUtils.kt:17)
	at io.ktor.server.engine.DefaultEnginePipelineKt$defaultEnginePipeline$1.invokeSuspend(DefaultEnginePipeline.kt:123)
	at io.ktor.server.engine.DefaultEnginePipelineKt$defaultEnginePipeline$1.invoke(DefaultEnginePipeline.kt)
	at io.ktor.server.engine.DefaultEnginePipelineKt$defaultEnginePipeline$1.invoke(DefaultEnginePipeline.kt)
	at io.ktor.util.pipeline.DebugPipelineContext.proceedLoop(DebugPipelineContext.kt:80)
	at io.ktor.util.pipeline.DebugPipelineContext.proceed(DebugPipelineContext.kt:57)
	at io.ktor.util.pipeline.DebugPipelineContext.execute$ktor_utils(DebugPipelineContext.kt:63)
	at io.ktor.util.pipeline.Pipeline.execute(Pipeline.kt:77)
	at io.ktor.server.netty.NettyApplicationCallHandler$handleRequest$1$invokeSuspend$$inlined$execute$1.invokeSuspend(Pipeline.kt:478)
	at io.ktor.server.netty.NettyApplicationCallHandler$handleRequest$1$invokeSuspend$$inlined$execute$1.invoke(Pipeline.kt)
	at io.ktor.server.netty.NettyApplicationCallHandler$handleRequest$1$invokeSuspend$$inlined$execute$1.invoke(Pipeline.kt)
	at io.ktor.util.debug.ContextUtilsKt.initContextInDebugMode(ContextUtils.kt:17)
	at io.ktor.server.netty.NettyApplicationCallHandler$handleRequest$1.invokeSuspend(NettyApplicationCallHandler.kt:140)
	at io.ktor.server.netty.NettyApplicationCallHandler$handleRequest$1.invoke(NettyApplicationCallHandler.kt)
	at io.ktor.server.netty.NettyApplicationCallHandler$handleRequest$1.invoke(NettyApplicationCallHandler.kt)
	at kotlinx.coroutines.intrinsics.UndispatchedKt.startCoroutineUndispatched(Undispatched.kt:44)
	at kotlinx.coroutines.CoroutineStart.invoke(CoroutineStart.kt:112)
	at kotlinx.coroutines.AbstractCoroutine.start(AbstractCoroutine.kt:126)
	at kotlinx.coroutines.BuildersKt__Builders_commonKt.launch(Builders.common.kt:56)
	at kotlinx.coroutines.BuildersKt.launch(Unknown Source)
	at io.ktor.server.netty.NettyApplicationCallHandler.handleRequest(NettyApplicationCallHandler.kt:41)
	at io.ktor.server.netty.NettyApplicationCallHandler.channelRead(NettyApplicationCallHandler.kt:33)
	at io.netty.channel.AbstractChannelHandlerContext.invokeChannelRead(AbstractChannelHandlerContext.java:444)
	at io.netty.channel.AbstractChannelHandlerContext.access$600(AbstractChannelHandlerContext.java:61)
	at io.netty.channel.AbstractChannelHandlerContext$7.run(AbstractChannelHandlerContext.java:425)
	at io.netty.util.concurrent.AbstractEventExecutor.runTask(AbstractEventExecutor.java:173)
	at io.netty.util.concurrent.AbstractEventExecutor.safeExecute(AbstractEventExecutor.java:166)
	at io.netty.util.concurrent.SingleThreadEventExecutor.runAllTasks(SingleThreadEventExecutor.java:470)
	at io.netty.channel.nio.NioEventLoop.run(NioEventLoop.java:569)
	at io.netty.util.concurrent.SingleThreadEventExecutor$4.run(SingleThreadEventExecutor.java:997)
	at io.netty.util.internal.ThreadExecutorMap$2.run(ThreadExecutorMap.java:74)
	at io.ktor.server.netty.EventLoopGroupProxy$Companion.create$lambda$1$lambda$0(NettyApplicationEngine.kt:296)
	at io.netty.util.concurrent.FastThreadLocalRunnable.run(FastThreadLocalRunnable.java:30)
	at java.base/java.lang.Thread.run(Thread.java:840)
Caused by: io.ktor.serialization.JsonConvertException: Illegal input: Unexpected JSON token at offset 123: Expected EOF after parsing, but had { instead at path: $
JSON input: .....lHandle": "@saraali"
}


{
    "participantName": "Usma.....
	at io.ktor.serialization.kotlinx.KotlinxSerializationConverter.deserialize(KotlinxSerializationConverter.kt:90)
	at io.ktor.server.plugins.contentnegotiation.RequestConverterKt.convertBody(RequestConverter.kt:67)
	... 104 common frames omitted
Caused by: kotlinx.serialization.json.internal.JsonDecodingException: Unexpected JSON token at offset 123: Expected EOF after parsing, but had { instead at path: $
JSON input: .....lHandle": "@saraali"
}


{
    "participantName": "Usma.....
	at kotlinx.serialization.json.internal.JsonExceptionsKt.JsonDecodingException(JsonExceptions.kt:24)
	at kotlinx.serialization.json.internal.JsonExceptionsKt.JsonDecodingException(JsonExceptions.kt:32)
	at kotlinx.serialization.json.internal.AbstractJsonLexer.fail(AbstractJsonLexer.kt:598)
	at kotlinx.serialization.json.internal.AbstractJsonLexer.fail$default(AbstractJsonLexer.kt:596)
	at kotlinx.serialization.json.internal.AbstractJsonLexer.expectEof(AbstractJsonLexer.kt:180)
	at kotlinx.serialization.json.Json.decodeFromString(Json.kt:108)
	at io.ktor.serialization.kotlinx.KotlinxSerializationConverter.deserialize(KotlinxSerializationConverter.kt:82)
	... 105 common frames omitted
2026-02-22 15:26:19 [eventLoopGroupProxy-4-2] INFO  com.sra.service.EntryService - Entry submitted for giveaway: 5 by: Sara Ali
2026-02-22 15:26:31 [eventLoopGroupProxy-4-2] INFO  com.sra.service.EntryService - Entry submitted for giveaway: 5 by: Usman Malik
2026-02-22 15:27:44 [eventLoopGroupProxy-4-2] INFO  com.sra.service.WinnerService - Drawing winner | giveaway:5 | entries:3 | tier:fast | drawId:c6d64e88-3af3-4c00-b987-e245aaa07e70
2026-02-22 15:27:44 [eventLoopGroupProxy-4-2] INFO  com.sra.service.EntropyService - Starting fast entropy collection
2026-02-22 15:27:44 [eventLoopGroupProxy-4-2] INFO  com.sra.entropy.EntropyPool - Collecting fast entropy (1 second tier)
2026-02-22 15:27:44 [eventLoopGroupProxy-4-2] DEBUG c.s.e.sources.ServerTimingSource - Server timing entropy collected: 1 gaps
2026-02-22 15:27:45 [eventLoopGroupProxy-4-2] DEBUG c.s.e.sources.CryptoPriceSource - Crypto price entropy collected: BTC = 68069.98000000
2026-02-22 15:27:45 [eventLoopGroupProxy-4-2] DEBUG com.sra.entropy.EntropyMixer - Mixed 2 sources | counter:1771754264788 | draw:91ed2d0b-d04e-4647-a07b-386369fb7379
2026-02-22 15:27:45 [eventLoopGroupProxy-4-2] DEBUG com.sra.entropy.EntropyMixer - Seed mapped to position 0 of 3
2026-02-22 15:27:45 [eventLoopGroupProxy-4-2] INFO  com.sra.service.ProofService - Proof created: CA78A00029C7FDBD for giveaway: 5
2026-02-22 15:27:45 [eventLoopGroupProxy-4-2] INFO  com.sra.service.WinnerService - Winner selected | giveaway:5 | winner:Ahmed Khan | position:0
2026-02-22 17:38:14 [main] INFO  Application - No ktor.deployment.watch patterns match classpath entries, automatic reload is not active
2026-02-22 17:38:14 [main] INFO  com.sra.config.DatabaseConfig - Initializing database connection...
2026-02-22 17:38:15 [main] INFO  Exposed - Preparing create tables statements took 98ms
2026-02-22 17:38:15 [main] INFO  Exposed - Executing create tables statements took 19ms
2026-02-22 17:38:15 [main] INFO  Exposed - Extracting table columns took 41ms
2026-02-22 17:38:15 [main] INFO  Exposed - Extracting primary keys took 20ms
2026-02-22 17:38:15 [main] INFO  Exposed - Extracting column constraints took 55ms
2026-02-22 17:38:15 [main] INFO  Exposed - Preparing alter table statements took 127ms
2026-02-22 17:38:15 [main] INFO  Exposed - Executing alter table statements took 42ms
2026-02-22 17:38:15 [main] INFO  Exposed - Checking mapping consistence took 33ms
2026-02-22 17:38:15 [main] INFO  com.sra.config.DatabaseConfig - Database tables verified/created
2026-02-22 17:38:15 [main] INFO  com.sra.config.DatabaseConfig - Database initialized successfully
2026-02-22 17:38:15 [main] INFO  Application - SRA Backend started successfully
2026-02-22 17:38:15 [main] INFO  Application - Application started in 1.932 seconds.
2026-02-22 17:38:16 [main] INFO  Application - Responding at http://127.0.0.1:8080
2026-02-22 17:56:28 [main] INFO  Application - No ktor.deployment.watch patterns match classpath entries, automatic reload is not active
2026-02-22 17:56:29 [main] INFO  com.sra.config.DatabaseConfig - Initializing database connection...
2026-02-22 17:56:29 [main] INFO  Exposed - Preparing create tables statements took 29ms
2026-02-22 17:56:29 [main] INFO  Exposed - Executing create tables statements took 10ms
2026-02-22 17:56:29 [main] INFO  Exposed - Extracting table columns took 19ms
2026-02-22 17:56:29 [main] INFO  Exposed - Extracting primary keys took 10ms
2026-02-22 17:56:29 [main] INFO  Exposed - Extracting column constraints took 43ms
2026-02-22 17:56:29 [main] INFO  Exposed - Preparing alter table statements took 82ms
2026-02-22 17:56:29 [main] INFO  Exposed - Executing alter table statements took 23ms
2026-02-22 17:56:29 [main] INFO  Exposed - Checking mapping consistence took 26ms
2026-02-22 17:56:29 [main] INFO  com.sra.config.DatabaseConfig - Database tables verified/created
2026-02-22 17:56:29 [main] INFO  com.sra.config.DatabaseConfig - Database initialized successfully
2026-02-22 17:56:29 [main] INFO  Application - SRA Backend started successfully
2026-02-22 17:56:29 [main] INFO  Application - Application started in 1.229 seconds.
2026-02-22 17:56:30 [main] INFO  Application - Responding at http://127.0.0.1:8080
